c:\users\manue\onedrive\documentos\unam\8_compugrafica\p5\practica5\practica5\debug\vc143.pdb
c:\users\manue\onedrive\documentos\unam\8_compugrafica\p5\practica5\practica5\debug\vc143.idb
c:\users\manue\onedrive\documentos\unam\8_compugrafica\p5\practica5\practica5\debug\window.obj
c:\users\manue\onedrive\documentos\unam\8_compugrafica\p5\practica5\practica5\debug\spotlight.obj
c:\users\manue\onedrive\documentos\unam\8_compugrafica\p5\practica5\practica5\debug\sphere.obj
c:\users\manue\onedrive\documentos\unam\8_compugrafica\p5\practica5\practica5\debug\skybox.obj
c:\users\manue\onedrive\documentos\unam\8_compugrafica\p5\practica5\practica5\debug\shader_m.obj
c:\users\manue\onedrive\documentos\unam\8_compugrafica\p5\practica5\practica5\debug\practica5.obj
c:\users\manue\onedrive\documentos\unam\8_compugrafica\p5\practica5\practica5\debug\pointlight.obj
c:\users\manue\onedrive\documentos\unam\8_compugrafica\p5\practica5\practica5\debug\model.obj
c:\users\manue\onedrive\documentos\unam\8_compugrafica\p5\practica5\practica5\debug\mesh_tn.obj
c:\users\manue\onedrive\documentos\unam\8_compugrafica\p5\practica5\practica5\debug\material.obj
c:\users\manue\onedrive\documentos\unam\8_compugrafica\p5\practica5\practica5\debug\light.obj
c:\users\manue\onedrive\documentos\unam\8_compugrafica\p5\practica5\practica5\debug\directionallight.obj
c:\users\manue\onedrive\documentos\unam\8_compugrafica\p5\practica5\practica5\debug\camera.obj
c:\users\manue\onedrive\documentos\unam\8_compugrafica\p5\practica5\debug\practica5.pdb
c:\users\manue\onedrive\documentos\unam\8_compugrafica\p5\practica5\practica5\debug\practica5.tlog\cl.command.1.tlog
c:\users\manue\onedrive\documentos\unam\8_compugrafica\p5\practica5\practica5\debug\practica5.tlog\cl.read.1.tlog
c:\users\manue\onedrive\documentos\unam\8_compugrafica\p5\practica5\practica5\debug\practica5.tlog\cl.write.1.tlog
c:\users\manue\onedrive\documentos\unam\8_compugrafica\p5\practica5\practica5\debug\practica5.tlog\link-cvtres.read.1.tlog
c:\users\manue\onedrive\documentos\unam\8_compugrafica\p5\practica5\practica5\debug\practica5.tlog\link-cvtres.write.1.tlog
c:\users\manue\onedrive\documentos\unam\8_compugrafica\p5\practica5\practica5\debug\practica5.tlog\link-rc.read.1.tlog
c:\users\manue\onedrive\documentos\unam\8_compugrafica\p5\practica5\practica5\debug\practica5.tlog\link-rc.write.1.tlog
c:\users\manue\onedrive\documentos\unam\8_compugrafica\p5\practica5\practica5\debug\practica5.tlog\link.command.1.tlog
c:\users\manue\onedrive\documentos\unam\8_compugrafica\p5\practica5\practica5\debug\practica5.tlog\link.read.1.tlog
c:\users\manue\onedrive\documentos\unam\8_compugrafica\p5\practica5\practica5\debug\practica5.tlog\link.write.1.tlog
